Using pre-set license
Built from '2020.3/staging' branch; Version is '2020.3.20f1 (41c4e627c95f) revision 4310246'; Using compiler version '192528614'; Build Type 'Release'
OS: 'Windows 10 Home; OS build 19042.1288; Version 2009; 64bit' Language: 'en' Physical Memory: 16283 MB
BatchMode: 1, IsHumanControllingUs: 0, StartBugReporterOnCrash: 0, Is64bit: 1, IsPro: 0

COMMAND LINE ARGUMENTS:
C:\Program Files\Unity\Hub\Editor\2020.3.20f1\Editor\Unity.exe
-adb2
-batchMode
-noUpm
-name
AssetImportWorker0
-projectPath
C:/Users/Avoro/Documents/GitHub/3D-Animation-Systems/3D Animation Systems
-logFile
Logs/AssetImportWorker0.log
-srvPort
54051
Successfully changed project path to: C:/Users/Avoro/Documents/GitHub/3D-Animation-Systems/3D Animation Systems
C:/Users/Avoro/Documents/GitHub/3D-Animation-Systems/3D Animation Systems
Using Asset Import Pipeline V2.
Refreshing native plugins compatible for Editor in 190.10 ms, found 2 plugins.
Preloading 0 native plugins for Editor in 0.00 ms.
Initialize engine version: 2020.3.20f1 (41c4e627c95f)
[Subsystems] Discovering subsystems at path C:/Program Files/Unity/Hub/Editor/2020.3.20f1/Editor/Data/Resources/UnitySubsystems
[Subsystems] Discovering subsystems at path C:/Users/Avoro/Documents/GitHub/3D-Animation-Systems/3D Animation Systems/Assets
GfxDevice: creating device client; threaded=0
Direct3D:
    Version:  Direct3D 11.0 [level 11.1]
    Renderer: AMD Radeon R9 200 Series (ID=0x6810)
    Vendor:   
    VRAM:     2027 MB
    Driver:   27.20.21002.112
Initialize mono
Mono path[0] = 'C:/Program Files/Unity/Hub/Editor/2020.3.20f1/Editor/Data/Managed'
Mono path[1] = 'C:/Program Files/Unity/Hub/Editor/2020.3.20f1/Editor/Data/MonoBleedingEdge/lib/mono/unityjit'
Mono config path = 'C:/Program Files/Unity/Hub/Editor/2020.3.20f1/Editor/Data/MonoBleedingEdge/etc'
Using monoOptions --debugger-agent=transport=dt_socket,embedding=1,server=y,suspend=n,address=127.0.0.1:56324
Begin MonoManager ReloadAssembly
Registering precompiled unity dll's ...
Register platform support module: C:/Program Files/Unity/Hub/Editor/2020.3.20f1/Editor/Data/PlaybackEngines/WebGLSupport/UnityEditor.WebGL.Extensions.dll
Register platform support module: C:/Program Files/Unity/Hub/Editor/2020.3.20f1/Editor/Data/PlaybackEngines/MacStandaloneSupport/UnityEditor.OSXStandalone.Extensions.dll
Register platform support module: C:/Program Files/Unity/Hub/Editor/2020.3.20f1/Editor/Data/PlaybackEngines/WindowsStandaloneSupport/UnityEditor.WindowsStandalone.Extensions.dll
Register platform support module: C:/Program Files/Unity/Hub/Editor/2020.3.20f1/Editor/Data/PlaybackEngines/LinuxStandaloneSupport/UnityEditor.LinuxStandalone.Extensions.dll
Register platform support module: C:/Program Files/Unity/Hub/Editor/2020.3.20f1/Editor/Data/PlaybackEngines/LuminSupport/UnityEditor.Lumin.Extensions.dll
Registered in 0.606762 seconds.
Native extension for Lumin target not found
Native extension for LinuxStandalone target not found
Native extension for WindowsStandalone target not found
Native extension for OSXStandalone target not found
Native extension for WebGL target not found
Refreshing native plugins compatible for Editor in 54.94 ms, found 2 plugins.
Preloading 0 native plugins for Editor in 0.00 ms.
Mono: successfully reloaded assembly
- Completed reload, in  7.628 seconds
Domain Reload Profiling:
	ReloadAssembly (7628ms)
		BeginReloadAssembly (3928ms)
			ExecutionOrderSort (0ms)
			DisableScriptedObjects (0ms)
			BackupInstance (0ms)
			ReleaseScriptingObjects (0ms)
			CreateAndSetChildDomain (1ms)
		EndReloadAssembly (1264ms)
			LoadAssemblies (3953ms)
			RebuildTransferFunctionScriptingTraits (0ms)
			SetupTypeCache (793ms)
			ReleaseScriptCaches (0ms)
			RebuildScriptCaches (51ms)
			SetupLoadedEditorAssemblies (261ms)
				LogAssemblyErrors (0ms)
				InitializePlatformSupportModulesInManaged (11ms)
				SetLoadedEditorAssemblies (0ms)
				RefreshPlugins (55ms)
				BeforeProcessingInitializeOnLoad (25ms)
				ProcessInitializeOnLoadAttributes (121ms)
				ProcessInitializeOnLoadMethodAttributes (48ms)
				AfterProcessingInitializeOnLoad (0ms)
				EditorAssembliesLoaded (0ms)
			ExecutionOrderSort2 (0ms)
			AwakeInstancesAfterBackupRestoration (0ms)
Platform modules already initialized, skipping
Registering precompiled user dll's ...
Registered in 0.684991 seconds.
Begin MonoManager ReloadAssembly
Native extension for Lumin target not found
Native extension for LinuxStandalone target not found
Native extension for WindowsStandalone target not found
Native extension for OSXStandalone target not found
Native extension for WebGL target not found
Refreshing native plugins compatible for Editor in 0.58 ms, found 2 plugins.
Preloading 0 native plugins for Editor in 0.00 ms.
Mono: successfully reloaded assembly
- Completed reload, in  4.970 seconds
Domain Reload Profiling:
	ReloadAssembly (4977ms)
		BeginReloadAssembly (243ms)
			ExecutionOrderSort (0ms)
			DisableScriptedObjects (7ms)
			BackupInstance (0ms)
			ReleaseScriptingObjects (0ms)
			CreateAndSetChildDomain (31ms)
		EndReloadAssembly (4614ms)
			LoadAssemblies (2240ms)
			RebuildTransferFunctionScriptingTraits (0ms)
			SetupTypeCache (1284ms)
			ReleaseScriptCaches (1ms)
			RebuildScriptCaches (81ms)
			SetupLoadedEditorAssemblies (792ms)
				LogAssemblyErrors (0ms)
				InitializePlatformSupportModulesInManaged (14ms)
				SetLoadedEditorAssemblies (1ms)
				RefreshPlugins (1ms)
				BeforeProcessingInitializeOnLoad (145ms)
				ProcessInitializeOnLoadAttributes (612ms)
				ProcessInitializeOnLoadMethodAttributes (6ms)
				AfterProcessingInitializeOnLoad (14ms)
				EditorAssembliesLoaded (0ms)
			ExecutionOrderSort2 (0ms)
			AwakeInstancesAfterBackupRestoration (11ms)
Platform modules already initialized, skipping
========================================================================
Worker process is ready to serve import requests
Launched and connected shader compiler UnityShaderCompiler.exe after 0.16 seconds
Refreshing native plugins compatible for Editor in 0.64 ms, found 2 plugins.
Preloading 0 native plugins for Editor in 0.00 ms.
Unloading 1483 Unused Serialized files (Serialized files now loaded: 0)
System memory in use before: 68.6 MB.
System memory in use after: 45.5 MB.

Unloading 17 unused Assets to reduce memory usage. Loaded Objects now: 1919.
Total: 6.042600 ms (FindLiveObjects: 0.319400 ms CreateObjectMapping: 0.095000 ms MarkObjects: 5.496600 ms  DeleteObjects: 0.129600 ms)

AssetImportParameters requested are different than current active one (requested -> active):
  custom:framework-win-MediaFoundation: 216162199b28c13a410421893ffa2e32 -> 
  custom:video-decoder-ogg-theora: a1e56fd34408186e4bbccfd4996cb3dc -> 
  custom:container-muxer-webm: aa71ff27fc2769a1b78a27578f13a17b -> 
  custom:container-demuxer-webm: 4f35f7cbe854078d1ac9338744f61a02 -> 
  custom:container-demuxer-ogg: 62fdf1f143b41e24485cea50d1cbac27 -> 
  custom:video-encoder-webm-vp8: eb34c28f22e8b96e1ab97ce403110664 -> 
  custom:video-decoder-webm-vp8: 9c59270c3fd7afecdb556c50c9e8de78 -> 
  custom:audio-decoder-ogg-vorbis: bf7c407c2cedff20999df2af8eb42d56 -> 
  custom:audio-encoder-webm-vorbis: bf7c407c2cedff20999df2af8eb42d56 -> 
========================================================================
Received Import Request.
  path: Assets/1.2 - Core Concepts Animation Data/Circle.anim
  artifactKey: Guid(661d70eb9f5731447a9953ab3976bd05) Importer(815301076,1909f56bfc062723c751e8b465ee728b)
Start importing Assets/1.2 - Core Concepts Animation Data/Circle.anim using Guid(661d70eb9f5731447a9953ab3976bd05) Importer(815301076,1909f56bfc062723c751e8b465ee728b)  -> (artifact id: 'dbdaa93c5719265cf1440847eae50cee') in 0.069869 seconds 
  Import took 0.073629 seconds .

========================================================================
Received Import Request.
  Time since last request: 740.178163 seconds.
  path: Assets/1.3 - Core Concepts Animation Blending/Scenes
  artifactKey: Guid(19860ce67f057b24c86834a7564a98ff) Importer(815301076,1909f56bfc062723c751e8b465ee728b)
Start importing Assets/1.3 - Core Concepts Animation Blending/Scenes using Guid(19860ce67f057b24c86834a7564a98ff) Importer(815301076,1909f56bfc062723c751e8b465ee728b)  -> (artifact id: '5fe1a2fa4d99d105b1c2c0c2a6ebf1d6') in 0.023561 seconds 
  Import took 0.030302 seconds .

========================================================================
Received Import Request.
  Time since last request: 1.762250 seconds.
  path: Assets/1.3 - Core Concepts Animation Blending/Scenes/CoreConcepts.unity
  artifactKey: Guid(2906bc7bc457c154e9cbe4c3b1c8ca0c) Importer(815301076,1909f56bfc062723c751e8b465ee728b)
Start importing Assets/1.3 - Core Concepts Animation Blending/Scenes/CoreConcepts.unity using Guid(2906bc7bc457c154e9cbe4c3b1c8ca0c) Importer(815301076,1909f56bfc062723c751e8b465ee728b)  -> (artifact id: '507b33fd8e4cc414ac1a38a3650aa5e9') in 0.015978 seconds 
  Import took 0.019403 seconds .

========================================================================
Received Prepare
Registering precompiled user dll's ...
Registered in 0.006057 seconds.
Begin MonoManager ReloadAssembly
Native extension for Lumin target not found
Native extension for LinuxStandalone target not found
Native extension for WindowsStandalone target not found
Native extension for OSXStandalone target not found
Native extension for WebGL target not found
Refreshing native plugins compatible for Editor in 0.64 ms, found 2 plugins.
Preloading 0 native plugins for Editor in 0.00 ms.
Mono: successfully reloaded assembly
- Completed reload, in  1.772 seconds
Domain Reload Profiling:
	ReloadAssembly (1772ms)
		BeginReloadAssembly (183ms)
			ExecutionOrderSort (0ms)
			DisableScriptedObjects (8ms)
			BackupInstance (0ms)
			ReleaseScriptingObjects (0ms)
			CreateAndSetChildDomain (55ms)
		EndReloadAssembly (1462ms)
			LoadAssemblies (156ms)
			RebuildTransferFunctionScriptingTraits (0ms)
			SetupTypeCache (542ms)
			ReleaseScriptCaches (1ms)
			RebuildScriptCaches (84ms)
			SetupLoadedEditorAssemblies (494ms)
				LogAssemblyErrors (0ms)
				InitializePlatformSupportModulesInManaged (13ms)
				SetLoadedEditorAssemblies (1ms)
				RefreshPlugins (1ms)
				BeforeProcessingInitializeOnLoad (140ms)
				ProcessInitializeOnLoadAttributes (320ms)
				ProcessInitializeOnLoadMethodAttributes (5ms)
				AfterProcessingInitializeOnLoad (14ms)
				EditorAssembliesLoaded (0ms)
			ExecutionOrderSort2 (0ms)
			AwakeInstancesAfterBackupRestoration (13ms)
Platform modules already initialized, skipping
Refreshing native plugins compatible for Editor in 0.49 ms, found 2 plugins.
Preloading 0 native plugins for Editor in 0.00 ms.
Unloading 1477 Unused Serialized files (Serialized files now loaded: 0)
System memory in use before: 68.5 MB.
System memory in use after: 68.7 MB.

Unloading 12 unused Assets to reduce memory usage. Loaded Objects now: 1922.
Total: 3.788400 ms (FindLiveObjects: 0.308500 ms CreateObjectMapping: 0.089800 ms MarkObjects: 3.361200 ms  DeleteObjects: 0.027300 ms)

AssetImportParameters requested are different than current active one (requested -> active):
  custom:framework-win-MediaFoundation: 216162199b28c13a410421893ffa2e32 -> 
  custom:video-decoder-ogg-theora: a1e56fd34408186e4bbccfd4996cb3dc -> 
  custom:container-muxer-webm: aa71ff27fc2769a1b78a27578f13a17b -> 
  custom:container-demuxer-webm: 4f35f7cbe854078d1ac9338744f61a02 -> 
  custom:container-demuxer-ogg: 62fdf1f143b41e24485cea50d1cbac27 -> 
  custom:video-encoder-webm-vp8: eb34c28f22e8b96e1ab97ce403110664 -> 
  custom:video-decoder-webm-vp8: 9c59270c3fd7afecdb556c50c9e8de78 -> 
  custom:audio-decoder-ogg-vorbis: bf7c407c2cedff20999df2af8eb42d56 -> 
  custom:audio-encoder-webm-vorbis: bf7c407c2cedff20999df2af8eb42d56 -> 
========================================================================
Received Import Request.
  Time since last request: 186.943541 seconds.
  path: Assets/1.3 - Core Concepts Animation Blending/AnimatorControllers/CubeController.controller
  artifactKey: Guid(5fc5e600f1c6b00479734f4345619b6f) Importer(815301076,1909f56bfc062723c751e8b465ee728b)
Start importing Assets/1.3 - Core Concepts Animation Blending/AnimatorControllers/CubeController.controller using Guid(5fc5e600f1c6b00479734f4345619b6f) Importer(815301076,1909f56bfc062723c751e8b465ee728b)  -> (artifact id: '3cc445b0c974b83aea28d6641d351012') in 0.049320 seconds 
  Import took 0.053099 seconds .

========================================================================
Received Import Request.
  Time since last request: 72.735764 seconds.
  path: Assets/1.3 - Core Concepts Animation Blending/AnimatorControllers
  artifactKey: Guid(44a864b58e60fa042873a842af1de5f9) Importer(815301076,1909f56bfc062723c751e8b465ee728b)
Start importing Assets/1.3 - Core Concepts Animation Blending/AnimatorControllers using Guid(44a864b58e60fa042873a842af1de5f9) Importer(815301076,1909f56bfc062723c751e8b465ee728b)  -> (artifact id: '3bb1f5020f370365c076e6fec96d2a73') in 0.018205 seconds 
  Import took 0.023336 seconds .

========================================================================
Received Import Request.
  Time since last request: 12.658667 seconds.
  path: Assets/1.3 - Core Concepts Animation Blending/AnimatorControllers/ExampleController.controller
  artifactKey: Guid(9b4e1c9d363b6234b9ebabc2271fa9b9) Importer(815301076,1909f56bfc062723c751e8b465ee728b)
Start importing Assets/1.3 - Core Concepts Animation Blending/AnimatorControllers/ExampleController.controller using Guid(9b4e1c9d363b6234b9ebabc2271fa9b9) Importer(815301076,1909f56bfc062723c751e8b465ee728b)  -> (artifact id: 'f06fef74cd545d161dee0d566f32c398') in 0.016332 seconds 
  Import took 0.020203 seconds .

AssetImportWorkerClient::OnTransportError - code=2 error=End of file
